2024-05-28 15:28:22 Produced message on topic logs with value of {"user_id": 83063, "user_name": "Annette Petty", "user_address": "082 Christopher Valleys | Vargasville | CA", "platform": "Tablet", "signup_at": "2024-05-24 05:33:38"}

2024-05-28 15:28:24 Produced message on topic logs with value of {"user_id": 32426, "user_name": "Katherine Barron", "user_address": "37008 Lorraine Mills Suite 296 | Raymondfurt | GB", "platform": "Tablet", "signup_at": "2024-05-25 21:40:15"}

2024-05-28 15:28:26 Produced message on topic logs with value of {"user_id": 45000, "user_name": "Shawn White", "user_address": "4152 Morgan Cliffs | New Jacobstad | TL", "platform": "Mobile", "signup_at": "2024-05-22 16:07:52"}

2024-05-28 15:28:28 Produced message on topic logs with value of {"user_id": 86942, "user_name": "Sarah Lowe", "user_address": "9637 Miller Expressway | Vaughanport | UA", "platform": "Tablet", "signup_at": "2024-05-27 20:59:28"}

2024-05-28 15:28:30 Produced message on topic logs with value of {"user_id": 24588, "user_name": "Tim Mercer", "user_address": "0351 Rasmussen Union Apt. 040 | West Shawnburgh | VC", "platform": "Mobile", "signup_at": "2024-05-18 05:09:22"}

2024-05-28 15:28:32 Produced message on topic logs with value of {"user_id": 93934, "user_name": "Marie Tran", "user_address": "406 Ronald Cove Apt. 427 | South Pamelaborough | BI", "platform": "Tablet", "signup_at": "2024-05-23 22:32:25"}

2024-05-28 15:28:34 Produced message on topic logs with value of {"user_id": 97254, "user_name": "Christopher Baker", "user_address": "75123 Carlos Meadows Apt. 496 | Natalietown | TT", "platform": "Mobile", "signup_at": "2024-05-11 22:38:58"}

2024-05-28 15:28:36 Produced message on topic logs with value of {"user_id": 56379, "user_name": "Eric Contreras", "user_address": "33324 Angela Flats | Lambertburgh | TT", "platform": "Mobile", "signup_at": "2024-05-05 08:38:27"}

2024-05-28 15:28:38 Produced message on topic logs with value of {"user_id": 85988, "user_name": "Teresa Bennett", "user_address": "82090 Simmons Ridge Suite 041 | Jenniferfurt | SR", "platform": "Tablet", "signup_at": "2024-05-02 14:49:55"}

2024-05-28 15:28:40 Produced message on topic logs with value of {"user_id": 30074, "user_name": "Rhonda Pratt", "user_address": "64765 Diana Parkways | Port Jennifermouth | AM", "platform": "Tablet", "signup_at": "2024-05-08 20:29:02"}

2024-05-28 15:28:42 Produced message on topic logs with value of {"user_id": 70812, "user_name": "Denise Burton", "user_address": "7897 Edwards Center | Gomezmouth | JO", "platform": "Laptop", "signup_at": "2024-05-08 17:06:45"}

2024-05-28 15:28:44 Produced message on topic logs with value of {"user_id": 89296, "user_name": "Crystal Bailey", "user_address": "09280 Ricardo Flats Apt. 951 | Lake Andrew | ET", "platform": "Mobile", "signup_at": "2024-05-12 18:13:57"}

2024-05-28 15:28:46 Produced message on topic logs with value of {"user_id": 60690, "user_name": "Julie Stewart", "user_address": "1445 Andrew Wall | North Adrianton | FM", "platform": "Mobile", "signup_at": "2024-05-28 03:24:05"}

2024-05-28 15:28:48 Produced message on topic logs with value of {"user_id": 52451, "user_name": "Jennifer Ortiz", "user_address": "649 Richard Manors | Jeffburgh | ES", "platform": "Tablet", "signup_at": "2024-05-19 21:04:08"}

2024-05-28 15:28:50 Produced message on topic logs with value of {"user_id": 91952, "user_name": "Heather Carter", "user_address": "0767 Munoz Camp Apt. 087 | Frederickstad | CF", "platform": "Tablet", "signup_at": "2024-05-12 19:06:48"}

2024-05-28 15:28:52 Produced message on topic logs with value of {"user_id": 20253, "user_name": "Grace Mann", "user_address": "9515 Randy Field Suite 328 | Marystad | BH", "platform": "Mobile", "signup_at": "2024-05-06 11:34:58"}

2024-05-28 15:28:54 Produced message on topic logs with value of {"user_id": 57796, "user_name": "Matthew Walker", "user_address": "29807 Hodges Pike | Vanessaton | MX", "platform": "Laptop", "signup_at": "2024-05-05 23:58:46"}

2024-05-28 15:28:56 Produced message on topic logs with value of {"user_id": 56205, "user_name": "Linda Smith", "user_address": "932 Barber Lake Apt. 111 | Port Samuelstad | VU", "platform": "Tablet", "signup_at": "2024-05-15 13:20:38"}

2024-05-28 15:28:58 Produced message on topic logs with value of {"user_id": 77487, "user_name": "Susan Hill", "user_address": "21425 Thompson Via Suite 286 | West Melissa | LV", "platform": "Mobile", "signup_at": "2024-05-19 02:46:10"}

2024-05-28 15:29:00 Produced message on topic logs with value of {"user_id": 28778, "user_name": "David Figueroa", "user_address": "377 Silva Lane | Brownfurt | FM", "platform": "Mobile", "signup_at": "2024-05-25 23:26:33"}

2024-05-28 15:29:02 Produced message on topic logs with value of {"user_id": 47092, "user_name": "Dr. Heidi Garcia MD", "user_address": "2157 Morales Gateway Suite 581 | Rileyborough | CR", "platform": "Mobile", "signup_at": "2024-05-27 09:35:05"}

2024-05-28 15:29:04 Produced message on topic logs with value of {"user_id": 66949, "user_name": "Debra Harris", "user_address": "808 Marco Grove Suite 709 | South Abigailview | BW", "platform": "Mobile", "signup_at": "2024-05-19 17:52:33"}

2024-05-28 15:29:06 Produced message on topic logs with value of {"user_id": 45958, "user_name": "James Montoya", "user_address": "083 Brian Summit | North Kristin | US", "platform": "Laptop", "signup_at": "2024-05-08 03:09:14"}

2024-05-28 15:29:08 Produced message on topic logs with value of {"user_id": 73759, "user_name": "Jose Peters", "user_address": "66663 Hancock Land Apt. 326 | North Misty | MV", "platform": "Laptop", "signup_at": "2024-05-17 04:46:15"}

2024-05-28 15:29:10 Produced message on topic logs with value of {"user_id": 46963, "user_name": "Shawn Price", "user_address": "4116 Allen Dam | Lake Bryan | HT", "platform": "Tablet", "signup_at": "2024-05-10 12:53:21"}

2024-05-28 15:29:12 Produced message on topic logs with value of {"user_id": 69985, "user_name": "Jason Jackson", "user_address": "60855 Jacob Ridges | Staceyview | BB", "platform": "Tablet", "signup_at": "2024-05-26 16:07:28"}

2024-05-28 15:29:14 Produced message on topic logs with value of {"user_id": 23707, "user_name": "Nicole White", "user_address": "409 Wright Shoals Suite 628 | Bethshire | KE", "platform": "Tablet", "signup_at": "2024-05-26 16:51:58"}

2024-05-28 15:29:16 Produced message on topic logs with value of {"user_id": 40991, "user_name": "Michael Fox", "user_address": "8049 Evans Mill Apt. 922 | Parkerfurt | CA", "platform": "Mobile", "signup_at": "2024-05-28 11:16:17"}

2024-05-28 15:29:18 Produced message on topic logs with value of {"user_id": 41489, "user_name": "Robert Harrell", "user_address": "86531 David Gateway | Lake Samantha | PG", "platform": "Tablet", "signup_at": "2024-05-04 09:46:28"}

2024-05-28 15:29:20 Produced message on topic logs with value of {"user_id": 80176, "user_name": "Shawn Price", "user_address": "07507 Tara Place | South Sara | BS", "platform": "Mobile", "signup_at": "2024-05-10 05:05:41"}

2024-05-28 15:29:22 Produced message on topic logs with value of {"user_id": 39109, "user_name": "Wendy Garcia", "user_address": "156 Phillip Parkways | Lake Meganmouth | MC", "platform": "Tablet", "signup_at": "2024-05-16 21:50:07"}

2024-05-28 15:29:24 Produced message on topic logs with value of {"user_id": 51970, "user_name": "Taylor Miller MD", "user_address": "5811 Gentry Key Suite 756 | Mayoburgh | KE", "platform": "Laptop", "signup_at": "2024-05-10 21:57:11"}

2024-05-28 15:29:26 Produced message on topic logs with value of {"user_id": 21729, "user_name": "Ashley Shaw", "user_address": "67285 Rebecca Avenue | North Douglas | MA", "platform": "Mobile", "signup_at": "2024-05-09 19:12:30"}

2024-05-28 15:29:28 Produced message on topic logs with value of {"user_id": 76747, "user_name": "Sean Mann", "user_address": "8453 Kimberly Grove Apt. 514 | South Lance | TW", "platform": "Mobile", "signup_at": "2024-05-18 07:38:31"}

2024-05-28 15:29:30 Produced message on topic logs with value of {"user_id": 25946, "user_name": "Jack Smith", "user_address": "4918 Emily Crescent Suite 491 | Jeremiahborough | GW", "platform": "Tablet", "signup_at": "2024-05-24 07:50:06"}

2024-05-28 15:29:32 Produced message on topic logs with value of {"user_id": 64810, "user_name": "Mr. Gregory Johnson Jr.", "user_address": "2053 Castillo Forks | New Taylor | AL", "platform": "Laptop", "signup_at": "2024-05-20 18:22:17"}

2024-05-28 15:29:34 Produced message on topic logs with value of {"user_id": 69707, "user_name": "Melissa Daniels", "user_address": "99775 Fernandez Knolls Suite 269 | Lake Adam | AO", "platform": "Mobile", "signup_at": "2024-05-23 07:11:21"}

2024-05-28 15:29:36 Produced message on topic logs with value of {"user_id": 87474, "user_name": "Laura Gonzalez", "user_address": "17335 Summers Villages | West Claireberg | MW", "platform": "Laptop", "signup_at": "2024-05-16 01:57:45"}

2024-05-28 15:29:38 Produced message on topic logs with value of {"user_id": 67181, "user_name": "Donald Harmon", "user_address": "17774 Dalton Shoals | Kristatown | DO", "platform": "Mobile", "signup_at": "2024-05-08 18:26:38"}

2024-05-28 15:29:40 Produced message on topic logs with value of {"user_id": 33539, "user_name": "Jesus Rivera", "user_address": "10702 Lori Turnpike Apt. 545 | Garyburgh | LA", "platform": "Tablet", "signup_at": "2024-05-15 02:21:39"}

2024-05-28 15:29:42 Produced message on topic logs with value of {"user_id": 22014, "user_name": "Austin Austin", "user_address": "46730 Black Terrace | Suzannemouth | SO", "platform": "Tablet", "signup_at": "2024-05-11 06:10:51"}

2024-05-28 15:29:44 Produced message on topic logs with value of {"user_id": 48468, "user_name": "Sherri Garcia", "user_address": "61431 Hardy Orchard | Lake Brian | LI", "platform": "Laptop", "signup_at": "2024-05-22 20:09:16"}

2024-05-28 15:29:46 Produced message on topic logs with value of {"user_id": 95212, "user_name": "William Evans", "user_address": "565 Corey Hill Apt. 418 | Rodriguezstad | GR", "platform": "Mobile", "signup_at": "2024-05-01 04:11:43"}

2024-05-28 15:29:48 Produced message on topic logs with value of {"user_id": 40318, "user_name": "Erik Gould", "user_address": "788 Mary Parkways | Maureentown | IE", "platform": "Laptop", "signup_at": "2024-05-23 12:15:59"}

2024-05-28 15:29:50 Produced message on topic logs with value of {"user_id": 56985, "user_name": "Deborah Blankenship", "user_address": "83244 Rodriguez Canyon | Kramerborough | DK", "platform": "Laptop", "signup_at": "2024-05-22 22:32:07"}

2024-05-28 15:29:52 Produced message on topic logs with value of {"user_id": 87972, "user_name": "Melanie Hobbs", "user_address": "1470 Johnson Points | Lake Kimberly | PT", "platform": "Mobile", "signup_at": "2024-05-20 18:35:28"}

2024-05-28 15:29:54 Produced message on topic logs with value of {"user_id": 74158, "user_name": "Anthony Hurst", "user_address": "5293 Finley Streets Suite 830 | South Jessica | FR", "platform": "Laptop", "signup_at": "2024-05-10 08:45:49"}

2024-05-28 15:29:56 Produced message on topic logs with value of {"user_id": 26558, "user_name": "Sharon Clark", "user_address": "231 Johnson Isle | Lake Brandy | LS", "platform": "Tablet", "signup_at": "2024-05-06 09:11:38"}

2024-05-28 15:29:58 Produced message on topic logs with value of {"user_id": 24858, "user_name": "Joseph Cohen", "user_address": "054 Wilson Rue | Michaelside | AD", "platform": "Tablet", "signup_at": "2024-05-25 03:43:16"}

2024-05-28 15:30:00 Produced message on topic logs with value of {"user_id": 23289, "user_name": "Cristian Hall", "user_address": "20676 Danielle Greens Apt. 894 | East Julieberg | MU", "platform": "Laptop", "signup_at": "2024-05-11 13:16:55"}

2024-05-28 15:30:02 Produced message on topic logs with value of {"user_id": 84498, "user_name": "John Jones", "user_address": "675 Hoffman Fields | North Jamie | PY", "platform": "Mobile", "signup_at": "2024-05-24 03:35:34"}

2024-05-28 15:30:04 Produced message on topic logs with value of {"user_id": 43571, "user_name": "Chad Lamb", "user_address": "5061 Karen Mission | Bethfort | CG", "platform": "Mobile", "signup_at": "2024-05-25 18:11:00"}

2024-05-28 15:30:06 Produced message on topic logs with value of {"user_id": 20821, "user_name": "Morgan Vaughn", "user_address": "35402 Higgins Grove Apt. 508 | West Jessica | BJ", "platform": "Tablet", "signup_at": "2024-05-16 20:46:06"}

2024-05-28 15:30:08 Produced message on topic logs with value of {"user_id": 62160, "user_name": "Nancy Sanders", "user_address": "75666 Jennifer Oval Suite 437 | Garcialand | MV", "platform": "Laptop", "signup_at": "2024-05-16 17:47:42"}

2024-05-28 15:30:10 Produced message on topic logs with value of {"user_id": 55023, "user_name": "Richard Diaz", "user_address": "29886 Erica Passage | West Gabriella | TZ", "platform": "Laptop", "signup_at": "2024-05-26 17:23:06"}

2024-05-28 15:30:12 Produced message on topic logs with value of {"user_id": 50890, "user_name": "Daniel Todd", "user_address": "71298 Evans Fords Apt. 204 | New Coreyberg | SV", "platform": "Laptop", "signup_at": "2024-05-07 11:22:05"}

2024-05-28 15:30:14 Produced message on topic logs with value of {"user_id": 72335, "user_name": "Justin Tyler", "user_address": "1174 Gonzalez Plains | Browningville | BB", "platform": "Mobile", "signup_at": "2024-05-02 21:34:42"}

2024-05-28 15:30:16 Produced message on topic logs with value of {"user_id": 37759, "user_name": "Carlos White", "user_address": "4113 Ricky Corners | Hallchester | ML", "platform": "Tablet", "signup_at": "2024-05-11 03:55:31"}

2024-05-28 15:30:18 Produced message on topic logs with value of {"user_id": 43618, "user_name": "Yvette Briggs", "user_address": "02048 Amber Mills | Port Johnborough | JO", "platform": "Laptop", "signup_at": "2024-05-09 07:29:13"}

2024-05-28 15:30:21 Produced message on topic logs with value of {"user_id": 46125, "user_name": "Matthew Johnson", "user_address": "8727 Lindsey Plains | North Adrianburgh | ST", "platform": "Laptop", "signup_at": "2024-05-16 22:58:55"}

2024-05-28 15:30:23 Produced message on topic logs with value of {"user_id": 51298, "user_name": "Lori Dixon", "user_address": "398 Michael Unions Suite 433 | New Gabrielle | PL", "platform": "Mobile", "signup_at": "2024-05-05 18:42:02"}

2024-05-28 15:30:25 Produced message on topic logs with value of {"user_id": 20681, "user_name": "Ashlee Sandoval", "user_address": "77711 Erik Glen | Mccannton | ID", "platform": "Tablet", "signup_at": "2024-05-24 03:46:13"}

2024-05-28 15:30:27 Produced message on topic logs with value of {"user_id": 94690, "user_name": "Jonathan Adams", "user_address": "13119 Steven Divide Suite 986 | Lake Emmaville | TR", "platform": "Tablet", "signup_at": "2024-05-16 17:43:39"}

2024-05-28 15:30:29 Produced message on topic logs with value of {"user_id": 78595, "user_name": "Mary Ortiz DDS", "user_address": "856 Diaz Islands | Nicholasberg | SE", "platform": "Mobile", "signup_at": "2024-05-19 04:47:35"}

2024-05-28 15:30:31 Produced message on topic logs with value of {"user_id": 92924, "user_name": "Thomas Steele", "user_address": "828 Gabriel Brooks | Stephensonberg | VE", "platform": "Tablet", "signup_at": "2024-05-21 09:45:32"}

2024-05-28 15:30:33 Produced message on topic logs with value of {"user_id": 99087, "user_name": "Mary Knox", "user_address": "42848 Timothy Locks Suite 411 | Port Justin | BI", "platform": "Mobile", "signup_at": "2024-05-05 22:46:36"}

2024-05-28 15:30:35 Produced message on topic logs with value of {"user_id": 97940, "user_name": "Erin Bauer", "user_address": "0568 Willis Isle | Saraborough | TZ", "platform": "Laptop", "signup_at": "2024-05-03 16:31:15"}

2024-05-28 15:30:37 Produced message on topic logs with value of {"user_id": 65429, "user_name": "David Strickland", "user_address": "1822 Dixon Isle | Port Ashleyfurt | WS", "platform": "Laptop", "signup_at": "2024-05-11 17:43:04"}

2024-05-28 15:30:39 Produced message on topic logs with value of {"user_id": 56589, "user_name": "Melissa Townsend", "user_address": "2156 Holmes Gardens Suite 271 | Lake Amandabury | TJ", "platform": "Tablet", "signup_at": "2024-05-27 13:28:03"}

2024-05-28 15:30:41 Produced message on topic logs with value of {"user_id": 49605, "user_name": "Rebecca Romero", "user_address": "966 Poole Burg Apt. 981 | Graychester | SL", "platform": "Tablet", "signup_at": "2024-05-12 18:22:29"}

2024-05-28 15:30:43 Produced message on topic logs with value of {"user_id": 90061, "user_name": "Kristen Martinez", "user_address": "92883 Katherine Islands Suite 604 | Bensonchester | AU", "platform": "Laptop", "signup_at": "2024-05-04 13:20:40"}

2024-05-28 15:30:45 Produced message on topic logs with value of {"user_id": 59959, "user_name": "Lisa Golden", "user_address": "40482 George Ports Apt. 376 | Lewisland | CD", "platform": "Laptop", "signup_at": "2024-05-21 23:12:15"}

2024-05-28 15:30:47 Produced message on topic logs with value of {"user_id": 62161, "user_name": "Misty Smith", "user_address": "744 Chen Street | Port Marvin | ZW", "platform": "Laptop", "signup_at": "2024-05-09 14:25:48"}

2024-05-28 15:30:49 Produced message on topic logs with value of {"user_id": 51861, "user_name": "Mindy Wiggins", "user_address": "467 Dalton Greens | Port Morgantown | SL", "platform": "Laptop", "signup_at": "2024-05-24 02:13:28"}

2024-05-28 15:30:51 Produced message on topic logs with value of {"user_id": 82443, "user_name": "Katie Hunt", "user_address": "7616 Bryan Meadow Apt. 007 | Port Alexandra | LC", "platform": "Mobile", "signup_at": "2024-05-12 09:48:26"}

2024-05-28 15:30:53 Produced message on topic logs with value of {"user_id": 98692, "user_name": "Suzanne Lewis", "user_address": "6543 Mary Turnpike | Annfort | MT", "platform": "Tablet", "signup_at": "2024-05-05 06:37:50"}

2024-05-28 15:30:55 Produced message on topic logs with value of {"user_id": 96933, "user_name": "Tiffany Warren", "user_address": "20084 Rachel Camp | Wangside | LR", "platform": "Tablet", "signup_at": "2024-05-07 06:42:55"}

2024-05-28 15:30:57 Produced message on topic logs with value of {"user_id": 30121, "user_name": "Raymond Steele", "user_address": "73507 Martin Lakes | East Joshua | MR", "platform": "Mobile", "signup_at": "2024-05-20 16:40:08"}

